<?xml version="1.0" encoding="UTF-8"?>
<!-- Generated by org.testng.reporters.JUnitReportReporter -->
<testsuite hostname="UC233822-TPL-A" name="MavenTestNG.NewTest" tests="1" failures="0" timestamp="11 Feb 2019 09:40:34 GMT" time="5.514" errors="0">
  <testcase name="f" time="5.514" classname="MavenTestNG.NewTest"/>
</testsuite> <!-- MavenTestNG.NewTest -->
